<?xml version="1.0" encoding="UTF-8"?>
<!-- Generated by org.testng.reporters.JUnitXMLReporter -->
<testsuite ignored="0" hostname="DESKTOP-JFTDBNS" failures="0" tests="1" name="Test-Runner-chrome" time="178.43" errors="0" timestamp="2023-08-04T17:02:46 IST">
  <testcase classname="VTIGER.OrganisationsTests.CreateOrganisationWithIndustryTest" name="createorgwithindustry" time="101.129"/>
</testsuite> <!-- Test-Runner-chrome -->
