<?xml version="1.0" encoding="UTF-8"?>
<!-- Generated by org.testng.reporters.JUnitXMLReporter -->
<testsuite ignored="0" hostname="DESKTOP-JFTDBNS" failures="0" tests="1" name="Test-Runner-edge" time="177.334" errors="0" timestamp="2023-08-04T17:02:45 IST">
  <testcase classname="VTIGER.OrganisationsTests.CreateOrganisationWithIndustryTest" name="createorgwithindustry" time="99.77"/>
</testsuite> <!-- Test-Runner-edge -->
