<?xml version="1.0" encoding="UTF-8"?>
<!-- Generated by org.testng.reporters.JUnitReportReporter -->
<testsuite hostname="DESKTOP-JFTDBNS" failures="0" tests="1" name="VTIGER.OrganisationsTests.CreateNewOrganisationsTest" time="79.380" errors="0" timestamp="2023-08-04T20:34:39 IST" skipped="0">
  <testcase classname="VTIGER.OrganisationsTests.CreateNewOrganisationsTest" name="CreateNewOrgTest" time="79.380"/>
  <system-out>
    <![CDATA[organisation created]]>
  </system-out>
</testsuite> <!-- VTIGER.OrganisationsTests.CreateNewOrganisationsTest -->
