<?xml version="1.0" encoding="UTF-8"?>
<!-- Generated by org.testng.reporters.JUnitReportReporter -->
<testsuite hostname="DESKTOP-JFTDBNS" failures="0" tests="2" name="VTIGER.OrganisationsTests.CreateOrganisationWithIndustryTest" time="266.256" errors="0" timestamp="2023-08-04T17:02:46 IST" skipped="0">
  <testcase classname="VTIGER.OrganisationsTests.CreateOrganisationWithIndustryTest" name="createorgwithindustry" time="133.625"/>
  <system-out/>
  <testcase classname="VTIGER.OrganisationsTests.CreateOrganisationWithIndustryTest" name="createorgwithindustry" time="132.631"/>
  <system-out/>
</testsuite> <!-- VTIGER.OrganisationsTests.CreateOrganisationWithIndustryTest -->
