<?xml version="1.0" encoding="UTF-8"?>
<!-- Generated by org.testng.reporters.JUnitReportReporter -->
<testsuite hostname="DESKTOP-JFTDBNS" failures="0" tests="2" name="VTIGER.practice.DataProviderPractice" time="0.017" errors="0" timestamp="2023-08-02T23:11:47 IST" skipped="0">
  <testcase classname="VTIGER.practice.DataProviderPractice" name="addtocartTest" time="0.002"/>
  <system-out/>
  <testcase classname="VTIGER.practice.DataProviderPractice" name="addtocartTest" time="0.015"/>
  <system-out/>
</testsuite> <!-- VTIGER.practice.DataProviderPractice -->
